<?xml version="1.0" encoding="UTF-8"?>
<testsuite name="TestInsert" tests="3" skipped="0" failures="0" errors="0" timestamp="2022-08-29T05:23:09" hostname="maureens-MacBook-Pro.local" time="0.079">
  <properties/>
  <testcase name="test_defaultStateInfoMessage_noCoins()" classname="TestInsert" time="0.024"/>
  <testcase name="test_insertCoinsProcess_valid()" classname="TestInsert" time="0.011"/>
  <testcase name="test_orderCoke_invalid_dueTo_emptyInventory()" classname="TestInsert" time="0.043"/>
  <system-out><![CDATA[Added 20to wallet, total is now: 20
FANTA not in stock. Inventory: coke:0 fanta:0 sprite:0
Dispensing credit: 100
]]></system-out>
  <system-err><![CDATA[]]></system-err>
</testsuite>
